{"/Users/apple/Documents/E/Personal/Working/ECS/myshoplite/src/components/CategoryFilter/CategoryFilter.tsx": {"path":"/Users/apple/Documents/E/Personal/Working/ECS/myshoplite/src/components/CategoryFilter/CategoryFilter.tsx","statementMap":{"0":{"start":{"line":22,"column":20},"end":{"line":22,"column":41}},"1":{"start":{"line":23,"column":16},"end":{"line":23,"column":37}},"2":{"start":{"line":24,"column":22},"end":{"line":24,"column":60}},"3":{"start":{"line":26,"column":2},"end":{"line":52,"column":4}},"4":{"start":{"line":29,"column":8},"end":{"line":49,"column":27}},"5":{"start":{"line":37,"column":25},"end":{"line":37,"column":38}}},"fnMap":{"0":{"name":"CategoryFilter","decl":{"start":{"line":17,"column":24},"end":{"line":17,"column":38}},"loc":{"start":{"line":21,"column":10},"end":{"line":53,"column":1}},"line":21},"1":{"name":"(anonymous_1)","decl":{"start":{"line":28,"column":22},"end":{"line":28,"column":23}},"loc":{"start":{"line":29,"column":8},"end":{"line":49,"column":27}},"line":29},"2":{"name":"(anonymous_2)","decl":{"start":{"line":37,"column":19},"end":{"line":37,"column":20}},"loc":{"start":{"line":37,"column":25},"end":{"line":37,"column":38}},"line":37}},"branchMap":{"0":{"loc":{"start":{"line":24,"column":22},"end":{"line":24,"column":60}},"type":"cond-expr","locations":[{"start":{"line":24,"column":30},"end":{"line":24,"column":54}},{"start":{"line":24,"column":57},"end":{"line":24,"column":60}}],"line":24},"1":{"loc":{"start":{"line":27,"column":36},"end":{"line":27,"column":64}},"type":"binary-expr","locations":[{"start":{"line":27,"column":36},"end":{"line":27,"column":41}},{"start":{"line":27,"column":45},"end":{"line":27,"column":64}}],"line":27},"2":{"loc":{"start":{"line":35,"column":12},"end":{"line":35,"column":55}},"type":"binary-expr","locations":[{"start":{"line":35,"column":12},"end":{"line":35,"column":36}},{"start":{"line":35,"column":40},"end":{"line":35,"column":55}}],"line":35},"3":{"loc":{"start":{"line":44,"column":14},"end":{"line":44,"column":61}},"type":"binary-expr","locations":[{"start":{"line":44,"column":14},"end":{"line":44,"column":38}},{"start":{"line":44,"column":42},"end":{"line":44,"column":61}}],"line":44}},"s":{"0":4,"1":4,"2":4,"3":4,"4":12,"5":2},"f":{"0":4,"1":12,"2":2},"b":{"0":[1,3],"1":[4,1],"2":[12,4],"3":[12,4]},"_coverageSchema":"1a1c01bbd47fc00a2c39e90264f33305004495a9","hash":"ed2ba956a3a9cc24f08b3c4ed0e40a207eea16e4"}
,"/Users/apple/Documents/E/Personal/Working/ECS/myshoplite/src/components/CategoryFilter/styles.ts": {"path":"/Users/apple/Documents/E/Personal/Working/ECS/myshoplite/src/components/CategoryFilter/styles.ts","statementMap":{"0":{"start":{"line":4,"column":22},"end":{"line":38,"column":2}}},"fnMap":{},"branchMap":{},"s":{"0":1},"f":{},"b":{},"_coverageSchema":"1a1c01bbd47fc00a2c39e90264f33305004495a9","hash":"365caf66eefcb845ede727473d7e59865328d454"}
,"/Users/apple/Documents/E/Personal/Working/ECS/myshoplite/src/components/ProductCard/ProductCard.tsx": {"path":"/Users/apple/Documents/E/Personal/Working/ECS/myshoplite/src/components/ProductCard/ProductCard.tsx","statementMap":{"0":{"start":{"line":19,"column":19},"end":{"line":19,"column":35}},"1":{"start":{"line":20,"column":20},"end":{"line":20,"column":55}},"2":{"start":{"line":20,"column":42},"end":{"line":20,"column":54}},"3":{"start":{"line":21,"column":18},"end":{"line":21,"column":66}},"4":{"start":{"line":21,"column":43},"end":{"line":21,"column":65}},"5":{"start":{"line":23,"column":2},"end":{"line":68,"column":4}},"6":{"start":{"line":58,"column":23},"end":{"line":58,"column":63}}},"fnMap":{"0":{"name":"ProductCard","decl":{"start":{"line":14,"column":24},"end":{"line":14,"column":35}},"loc":{"start":{"line":18,"column":10},"end":{"line":69,"column":1}},"line":18},"1":{"name":"(anonymous_1)","decl":{"start":{"line":20,"column":35},"end":{"line":20,"column":36}},"loc":{"start":{"line":20,"column":42},"end":{"line":20,"column":54}},"line":20},"2":{"name":"(anonymous_2)","decl":{"start":{"line":21,"column":33},"end":{"line":21,"column":34}},"loc":{"start":{"line":21,"column":43},"end":{"line":21,"column":65}},"line":21},"3":{"name":"(anonymous_3)","decl":{"start":{"line":58,"column":17},"end":{"line":58,"column":18}},"loc":{"start":{"line":58,"column":23},"end":{"line":58,"column":63}},"line":58}},"branchMap":{"0":{"loc":{"start":{"line":17,"column":2},"end":{"line":17,"column":17}},"type":"default-arg","locations":[{"start":{"line":17,"column":12},"end":{"line":17,"column":17}}],"line":17},"1":{"loc":{"start":{"line":26,"column":27},"end":{"line":26,"column":52}},"type":"binary-expr","locations":[{"start":{"line":26,"column":27},"end":{"line":26,"column":34}},{"start":{"line":26,"column":38},"end":{"line":26,"column":52}}],"line":26},"2":{"loc":{"start":{"line":57,"column":34},"end":{"line":57,"column":63}},"type":"binary-expr","locations":[{"start":{"line":57,"column":34},"end":{"line":57,"column":41}},{"start":{"line":57,"column":45},"end":{"line":57,"column":63}}],"line":57},"3":{"loc":{"start":{"line":58,"column":23},"end":{"line":58,"column":63}},"type":"binary-expr","locations":[{"start":{"line":58,"column":23},"end":{"line":58,"column":31}},{"start":{"line":58,"column":35},"end":{"line":58,"column":63}}],"line":58},"4":{"loc":{"start":{"line":61,"column":28},"end":{"line":61,"column":69}},"type":"cond-expr","locations":[{"start":{"line":61,"column":38},"end":{"line":61,"column":53}},{"start":{"line":61,"column":56},"end":{"line":61,"column":69}}],"line":61},"5":{"loc":{"start":{"line":63,"column":44},"end":{"line":63,"column":77}},"type":"binary-expr","locations":[{"start":{"line":63,"column":44},"end":{"line":63,"column":51}},{"start":{"line":63,"column":55},"end":{"line":63,"column":77}}],"line":63},"6":{"loc":{"start":{"line":64,"column":11},"end":{"line":64,"column":44}},"type":"cond-expr","locations":[{"start":{"line":64,"column":21},"end":{"line":64,"column":28}},{"start":{"line":64,"column":31},"end":{"line":64,"column":44}}],"line":64}},"s":{"0":3,"1":3,"2":6,"3":3,"4":1,"5":3,"6":1},"f":{"0":3,"1":6,"2":1,"3":1},"b":{"0":[3],"1":[3,0],"2":[3,1],"3":[1,1],"4":[1,2],"5":[3,1],"6":[1,2]},"_coverageSchema":"1a1c01bbd47fc00a2c39e90264f33305004495a9","hash":"096485feea6bac340bd87c15a76cfc32e020e374"}
,"/Users/apple/Documents/E/Personal/Working/ECS/myshoplite/src/components/ProductCard/styles.ts": {"path":"/Users/apple/Documents/E/Personal/Working/ECS/myshoplite/src/components/ProductCard/styles.ts","statementMap":{"0":{"start":{"line":4,"column":22},"end":{"line":59,"column":2}}},"fnMap":{},"branchMap":{},"s":{"0":1},"f":{},"b":{},"_coverageSchema":"1a1c01bbd47fc00a2c39e90264f33305004495a9","hash":"37ff33256b8e3ec26e16fd53db81685178854f31"}
,"/Users/apple/Documents/E/Personal/Working/ECS/myshoplite/src/redux/hooks.ts": {"path":"/Users/apple/Documents/E/Personal/Working/ECS/myshoplite/src/redux/hooks.ts","statementMap":{"0":{"start":{"line":4,"column":30},"end":{"line":4,"column":62}},"1":{"start":{"line":4,"column":36},"end":{"line":4,"column":62}},"2":{"start":{"line":5,"column":63},"end":{"line":5,"column":74}}},"fnMap":{"0":{"name":"(anonymous_0)","decl":{"start":{"line":4,"column":30},"end":{"line":4,"column":31}},"loc":{"start":{"line":4,"column":36},"end":{"line":4,"column":62}},"line":4}},"branchMap":{},"s":{"0":1,"1":3,"2":1},"f":{"0":3},"b":{},"_coverageSchema":"1a1c01bbd47fc00a2c39e90264f33305004495a9","hash":"218a667c3a41723ae26e4abc314a34152520cb92"}
,"/Users/apple/Documents/E/Personal/Working/ECS/myshoplite/src/redux/slice/cartSlice.ts": {"path":"/Users/apple/Documents/E/Personal/Working/ECS/myshoplite/src/redux/slice/cartSlice.ts","statementMap":{"0":{"start":{"line":12,"column":32},"end":{"line":14,"column":1}},"1":{"start":{"line":16,"column":18},"end":{"line":42,"column":2}},"2":{"start":{"line":21,"column":27},"end":{"line":21,"column":78}},"3":{"start":{"line":21,"column":51},"end":{"line":21,"column":77}},"4":{"start":{"line":22,"column":6},"end":{"line":26,"column":7}},"5":{"start":{"line":23,"column":8},"end":{"line":23,"column":35}},"6":{"start":{"line":25,"column":8},"end":{"line":25,"column":61}},"7":{"start":{"line":29,"column":6},"end":{"line":29,"column":71}},"8":{"start":{"line":29,"column":46},"end":{"line":29,"column":69}},"9":{"start":{"line":35,"column":19},"end":{"line":35,"column":70}},"10":{"start":{"line":35,"column":43},"end":{"line":35,"column":69}},"11":{"start":{"line":36,"column":6},"end":{"line":36,"column":56}},"12":{"start":{"line":36,"column":16},"end":{"line":36,"column":56}},"13":{"start":{"line":39,"column":6},"end":{"line":39,"column":23}},"14":{"start":{"line":45,"column":2},"end":{"line":45,"column":19}}},"fnMap":{"0":{"name":"(anonymous_0)","decl":{"start":{"line":20,"column":15},"end":{"line":20,"column":16}},"loc":{"start":{"line":20,"column":58},"end":{"line":27,"column":5}},"line":20},"1":{"name":"(anonymous_1)","decl":{"start":{"line":21,"column":44},"end":{"line":21,"column":45}},"loc":{"start":{"line":21,"column":51},"end":{"line":21,"column":77}},"line":21},"2":{"name":"(anonymous_2)","decl":{"start":{"line":28,"column":20},"end":{"line":28,"column":21}},"loc":{"start":{"line":28,"column":62},"end":{"line":30,"column":5}},"line":28},"3":{"name":"(anonymous_3)","decl":{"start":{"line":29,"column":39},"end":{"line":29,"column":40}},"loc":{"start":{"line":29,"column":46},"end":{"line":29,"column":69}},"line":29},"4":{"name":"(anonymous_4)","decl":{"start":{"line":31,"column":20},"end":{"line":31,"column":21}},"loc":{"start":{"line":34,"column":9},"end":{"line":37,"column":5}},"line":34},"5":{"name":"(anonymous_5)","decl":{"start":{"line":35,"column":36},"end":{"line":35,"column":37}},"loc":{"start":{"line":35,"column":43},"end":{"line":35,"column":69}},"line":35},"6":{"name":"(anonymous_6)","decl":{"start":{"line":38,"column":15},"end":{"line":38,"column":16}},"loc":{"start":{"line":38,"column":26},"end":{"line":40,"column":5}},"line":38}},"branchMap":{"0":{"loc":{"start":{"line":22,"column":6},"end":{"line":26,"column":7}},"type":"if","locations":[{"start":{"line":22,"column":6},"end":{"line":26,"column":7}},{"start":{"line":24,"column":13},"end":{"line":26,"column":7}}],"line":22},"1":{"loc":{"start":{"line":36,"column":6},"end":{"line":36,"column":56}},"type":"if","locations":[{"start":{"line":36,"column":6},"end":{"line":36,"column":56}},{"start":{},"end":{}}],"line":36}},"s":{"0":2,"1":2,"2":2,"3":1,"4":2,"5":1,"6":1,"7":1,"8":1,"9":1,"10":1,"11":1,"12":1,"13":1,"14":2},"f":{"0":2,"1":1,"2":1,"3":1,"4":1,"5":1,"6":1},"b":{"0":[1,1],"1":[1,0]},"_coverageSchema":"1a1c01bbd47fc00a2c39e90264f33305004495a9","hash":"e73c3fc05c53264f155ec5c7902c8fd2c3f4ba7d"}
,"/Users/apple/Documents/E/Personal/Working/ECS/myshoplite/src/redux/slice/favoritesSlice.ts": {"path":"/Users/apple/Documents/E/Personal/Working/ECS/myshoplite/src/redux/slice/favoritesSlice.ts","statementMap":{"0":{"start":{"line":7,"column":37},"end":{"line":9,"column":1}},"1":{"start":{"line":11,"column":23},"end":{"line":32,"column":2}},"2":{"start":{"line":16,"column":6},"end":{"line":16,"column":78}},"3":{"start":{"line":16,"column":47},"end":{"line":16,"column":78}},"4":{"start":{"line":19,"column":6},"end":{"line":19,"column":66}},"5":{"start":{"line":19,"column":43},"end":{"line":19,"column":64}},"6":{"start":{"line":22,"column":6},"end":{"line":26,"column":7}},"7":{"start":{"line":23,"column":8},"end":{"line":23,"column":68}},"8":{"start":{"line":23,"column":45},"end":{"line":23,"column":66}},"9":{"start":{"line":25,"column":8},"end":{"line":25,"column":39}},"10":{"start":{"line":29,"column":6},"end":{"line":29,"column":21}},"11":{"start":{"line":35,"column":2},"end":{"line":35,"column":24}}},"fnMap":{"0":{"name":"(anonymous_0)","decl":{"start":{"line":15,"column":4},"end":{"line":15,"column":5}},"loc":{"start":{"line":15,"column":54},"end":{"line":17,"column":5}},"line":15},"1":{"name":"(anonymous_1)","decl":{"start":{"line":18,"column":4},"end":{"line":18,"column":5}},"loc":{"start":{"line":18,"column":57},"end":{"line":20,"column":5}},"line":18},"2":{"name":"(anonymous_2)","decl":{"start":{"line":19,"column":35},"end":{"line":19,"column":36}},"loc":{"start":{"line":19,"column":43},"end":{"line":19,"column":64}},"line":19},"3":{"name":"(anonymous_3)","decl":{"start":{"line":21,"column":4},"end":{"line":21,"column":5}},"loc":{"start":{"line":21,"column":57},"end":{"line":27,"column":5}},"line":21},"4":{"name":"(anonymous_4)","decl":{"start":{"line":23,"column":37},"end":{"line":23,"column":38}},"loc":{"start":{"line":23,"column":45},"end":{"line":23,"column":66}},"line":23},"5":{"name":"(anonymous_5)","decl":{"start":{"line":28,"column":4},"end":{"line":28,"column":5}},"loc":{"start":{"line":28,"column":26},"end":{"line":30,"column":5}},"line":28}},"branchMap":{"0":{"loc":{"start":{"line":16,"column":6},"end":{"line":16,"column":78}},"type":"if","locations":[{"start":{"line":16,"column":6},"end":{"line":16,"column":78}},{"start":{},"end":{}}],"line":16},"1":{"loc":{"start":{"line":22,"column":6},"end":{"line":26,"column":7}},"type":"if","locations":[{"start":{"line":22,"column":6},"end":{"line":26,"column":7}},{"start":{"line":24,"column":13},"end":{"line":26,"column":7}}],"line":22}},"s":{"0":1,"1":1,"2":2,"3":1,"4":1,"5":2,"6":2,"7":1,"8":1,"9":1,"10":1,"11":1},"f":{"0":2,"1":1,"2":2,"3":2,"4":1,"5":1},"b":{"0":[1,1],"1":[1,1]},"_coverageSchema":"1a1c01bbd47fc00a2c39e90264f33305004495a9","hash":"21a32d68a61e340efbca5b30933e8788a7691bcd"}
,"/Users/apple/Documents/E/Personal/Working/ECS/myshoplite/src/redux/slice/productsSlice.ts": {"path":"/Users/apple/Documents/E/Personal/Working/ECS/myshoplite/src/redux/slice/productsSlice.ts","statementMap":{"0":{"start":{"line":11,"column":36},"end":{"line":11,"column":78}},"1":{"start":{"line":13,"column":29},"end":{"line":24,"column":2}},"2":{"start":{"line":18,"column":2},"end":{"line":23,"column":3}},"3":{"start":{"line":19,"column":17},"end":{"line":19,"column":41}},"4":{"start":{"line":20,"column":4},"end":{"line":20,"column":16}},"5":{"start":{"line":22,"column":4},"end":{"line":22,"column":68}},"6":{"start":{"line":26,"column":22},"end":{"line":49,"column":2}},"7":{"start":{"line":31,"column":6},"end":{"line":31,"column":35}},"8":{"start":{"line":35,"column":4},"end":{"line":47,"column":9}},"9":{"start":{"line":37,"column":8},"end":{"line":37,"column":25}},"10":{"start":{"line":38,"column":8},"end":{"line":38,"column":23}},"11":{"start":{"line":41,"column":8},"end":{"line":41,"column":26}},"12":{"start":{"line":42,"column":8},"end":{"line":42,"column":28}},"13":{"start":{"line":45,"column":8},"end":{"line":45,"column":26}},"14":{"start":{"line":46,"column":8},"end":{"line":46,"column":39}},"15":{"start":{"line":51,"column":31},"end":{"line":51,"column":52}}},"fnMap":{"0":{"name":"(anonymous_0)","decl":{"start":{"line":17,"column":23},"end":{"line":17,"column":24}},"loc":{"start":{"line":17,"column":57},"end":{"line":24,"column":1}},"line":17},"1":{"name":"(anonymous_1)","decl":{"start":{"line":30,"column":4},"end":{"line":30,"column":5}},"loc":{"start":{"line":30,"column":57},"end":{"line":32,"column":5}},"line":30},"2":{"name":"(anonymous_2)","decl":{"start":{"line":34,"column":17},"end":{"line":34,"column":18}},"loc":{"start":{"line":34,"column":30},"end":{"line":48,"column":3}},"line":34},"3":{"name":"(anonymous_3)","decl":{"start":{"line":36,"column":38},"end":{"line":36,"column":39}},"loc":{"start":{"line":36,"column":45},"end":{"line":39,"column":7}},"line":36},"4":{"name":"(anonymous_4)","decl":{"start":{"line":40,"column":40},"end":{"line":40,"column":41}},"loc":{"start":{"line":40,"column":50},"end":{"line":43,"column":7}},"line":40},"5":{"name":"(anonymous_5)","decl":{"start":{"line":44,"column":39},"end":{"line":44,"column":40}},"loc":{"start":{"line":44,"column":49},"end":{"line":47,"column":7}},"line":44}},"branchMap":{"0":{"loc":{"start":{"line":22,"column":27},"end":{"line":22,"column":66}},"type":"binary-expr","locations":[{"start":{"line":22,"column":27},"end":{"line":22,"column":37}},{"start":{"line":22,"column":41},"end":{"line":22,"column":66}}],"line":22},"1":{"loc":{"start":{"line":46,"column":18},"end":{"line":46,"column":38}},"type":"binary-expr","locations":[{"start":{"line":46,"column":18},"end":{"line":46,"column":27}},{"start":{"line":46,"column":31},"end":{"line":46,"column":38}}],"line":46}},"s":{"0":1,"1":1,"2":2,"3":2,"4":1,"5":1,"6":1,"7":1,"8":1,"9":1,"10":1,"11":1,"12":1,"13":1,"14":1,"15":1},"f":{"0":2,"1":1,"2":1,"3":1,"4":1,"5":1},"b":{"0":[1,0],"1":[1,0]},"_coverageSchema":"1a1c01bbd47fc00a2c39e90264f33305004495a9","hash":"724978c6e88caa73d4c39be52c30de0a467cc8cd"}
,"/Users/apple/Documents/E/Personal/Working/ECS/myshoplite/src/services/api.ts": {"path":"/Users/apple/Documents/E/Personal/Working/ECS/myshoplite/src/services/api.ts","statementMap":{"0":{"start":{"line":6,"column":2},"end":{"line":12,"column":3}},"1":{"start":{"line":7,"column":16},"end":{"line":7,"column":52}},"2":{"start":{"line":8,"column":4},"end":{"line":8,"column":20}},"3":{"start":{"line":10,"column":4},"end":{"line":10,"column":70}},"4":{"start":{"line":11,"column":4},"end":{"line":11,"column":67}},"5":{"start":{"line":18,"column":2},"end":{"line":24,"column":3}},"6":{"start":{"line":19,"column":21},"end":{"line":19,"column":42}},"7":{"start":{"line":20,"column":4},"end":{"line":20,"column":67}},"8":{"start":{"line":20,"column":32},"end":{"line":20,"column":65}},"9":{"start":{"line":22,"column":4},"end":{"line":22,"column":75}},"10":{"start":{"line":23,"column":4},"end":{"line":23,"column":21}},"11":{"start":{"line":27,"column":4},"end":{"line":27,"column":49}}},"fnMap":{"0":{"name":"fetchProducts","decl":{"start":{"line":5,"column":22},"end":{"line":5,"column":35}},"loc":{"start":{"line":5,"column":58},"end":{"line":13,"column":1}},"line":5},"1":{"name":"fetchProductById","decl":{"start":{"line":15,"column":22},"end":{"line":15,"column":38}},"loc":{"start":{"line":17,"column":32},"end":{"line":25,"column":1}},"line":17},"2":{"name":"(anonymous_2)","decl":{"start":{"line":20,"column":25},"end":{"line":20,"column":26}},"loc":{"start":{"line":20,"column":32},"end":{"line":20,"column":65}},"line":20},"3":{"name":"BASE_URL","decl":{"start":{"line":26,"column":16},"end":{"line":26,"column":24}},"loc":{"start":{"line":26,"column":40},"end":{"line":28,"column":1}},"line":26}},"branchMap":{"0":{"loc":{"start":{"line":10,"column":46},"end":{"line":10,"column":68}},"type":"binary-expr","locations":[{"start":{"line":10,"column":46},"end":{"line":10,"column":59}},{"start":{"line":10,"column":63},"end":{"line":10,"column":68}}],"line":10},"1":{"loc":{"start":{"line":22,"column":51},"end":{"line":22,"column":73}},"type":"binary-expr","locations":[{"start":{"line":22,"column":51},"end":{"line":22,"column":64}},{"start":{"line":22,"column":68},"end":{"line":22,"column":73}}],"line":22}},"s":{"0":0,"1":0,"2":0,"3":0,"4":0,"5":0,"6":0,"7":0,"8":0,"9":0,"10":0,"11":0},"f":{"0":0,"1":0,"2":0,"3":0},"b":{"0":[0,0],"1":[0,0]},"_coverageSchema":"1a1c01bbd47fc00a2c39e90264f33305004495a9","hash":"1548d3cd153268bd4ca9e21a6b355d4af85e803d"}
,"/Users/apple/Documents/E/Personal/Working/ECS/myshoplite/src/services/config/url.ts": {"path":"/Users/apple/Documents/E/Personal/Working/ECS/myshoplite/src/services/config/url.ts","statementMap":{"0":{"start":{"line":3,"column":24},"end":{"line":3,"column":32}}},"fnMap":{},"branchMap":{},"s":{"0":0},"f":{},"b":{},"_coverageSchema":"1a1c01bbd47fc00a2c39e90264f33305004495a9","hash":"97c72dbabc835851900b5c95d296098159786bf7"}
,"/Users/apple/Documents/E/Personal/Working/ECS/myshoplite/src/utils/colors.ts": {"path":"/Users/apple/Documents/E/Personal/Working/ECS/myshoplite/src/utils/colors.ts","statementMap":{"0":{"start":{"line":1,"column":22},"end":{"line":13,"column":1}}},"fnMap":{},"branchMap":{},"s":{"0":2},"f":{},"b":{},"_coverageSchema":"1a1c01bbd47fc00a2c39e90264f33305004495a9","hash":"7162f9ff0cf4f3141320cbc84736788c01b368d6"}
}
