{"/Users/apple/Documents/E/Personal/Working/ECS/myshoplite/src/components/CategoryFilter/index.tsx": {"path":"/Users/apple/Documents/E/Personal/Working/ECS/myshoplite/src/components/CategoryFilter/index.tsx","statementMap":{"0":{"start":{"line":18,"column":20},"end":{"line":18,"column":41}},"1":{"start":{"line":19,"column":16},"end":{"line":19,"column":37}},"2":{"start":{"line":20,"column":22},"end":{"line":20,"column":60}},"3":{"start":{"line":22,"column":2},"end":{"line":48,"column":4}},"4":{"start":{"line":25,"column":8},"end":{"line":45,"column":27}},"5":{"start":{"line":33,"column":25},"end":{"line":33,"column":38}}},"fnMap":{"0":{"name":"CategoryFilter","decl":{"start":{"line":13,"column":24},"end":{"line":13,"column":38}},"loc":{"start":{"line":17,"column":24},"end":{"line":49,"column":1}},"line":17},"1":{"name":"(anonymous_1)","decl":{"start":{"line":24,"column":22},"end":{"line":24,"column":23}},"loc":{"start":{"line":25,"column":8},"end":{"line":45,"column":27}},"line":25},"2":{"name":"(anonymous_2)","decl":{"start":{"line":33,"column":19},"end":{"line":33,"column":20}},"loc":{"start":{"line":33,"column":25},"end":{"line":33,"column":38}},"line":33}},"branchMap":{"0":{"loc":{"start":{"line":20,"column":22},"end":{"line":20,"column":60}},"type":"cond-expr","locations":[{"start":{"line":20,"column":30},"end":{"line":20,"column":54}},{"start":{"line":20,"column":57},"end":{"line":20,"column":60}}],"line":20},"1":{"loc":{"start":{"line":23,"column":36},"end":{"line":23,"column":64}},"type":"binary-expr","locations":[{"start":{"line":23,"column":36},"end":{"line":23,"column":41}},{"start":{"line":23,"column":45},"end":{"line":23,"column":64}}],"line":23},"2":{"loc":{"start":{"line":31,"column":12},"end":{"line":31,"column":55}},"type":"binary-expr","locations":[{"start":{"line":31,"column":12},"end":{"line":31,"column":36}},{"start":{"line":31,"column":40},"end":{"line":31,"column":55}}],"line":31},"3":{"loc":{"start":{"line":40,"column":14},"end":{"line":40,"column":61}},"type":"binary-expr","locations":[{"start":{"line":40,"column":14},"end":{"line":40,"column":38}},{"start":{"line":40,"column":42},"end":{"line":40,"column":61}}],"line":40}},"s":{"0":4,"1":4,"2":4,"3":4,"4":12,"5":2},"f":{"0":4,"1":12,"2":2},"b":{"0":[1,3],"1":[4,1],"2":[12,4],"3":[12,4]},"_coverageSchema":"1a1c01bbd47fc00a2c39e90264f33305004495a9","hash":"0db7bde867f0a8ddce063d9382622824ede97c89"}
,"/Users/apple/Documents/E/Personal/Working/ECS/myshoplite/src/components/CategoryFilter/styles.ts": {"path":"/Users/apple/Documents/E/Personal/Working/ECS/myshoplite/src/components/CategoryFilter/styles.ts","statementMap":{"0":{"start":{"line":6,"column":22},"end":{"line":36,"column":2}}},"fnMap":{},"branchMap":{},"s":{"0":1},"f":{},"b":{},"_coverageSchema":"1a1c01bbd47fc00a2c39e90264f33305004495a9","hash":"dfc9909751ffcdfa380ad4f99ceddc92f15f8855"}
,"/Users/apple/Documents/E/Personal/Working/ECS/myshoplite/src/components/ProductCard/index.tsx": {"path":"/Users/apple/Documents/E/Personal/Working/ECS/myshoplite/src/components/ProductCard/index.tsx","statementMap":{"0":{"start":{"line":20,"column":19},"end":{"line":20,"column":35}},"1":{"start":{"line":21,"column":20},"end":{"line":21,"column":55}},"2":{"start":{"line":21,"column":42},"end":{"line":21,"column":54}},"3":{"start":{"line":22,"column":18},"end":{"line":22,"column":66}},"4":{"start":{"line":22,"column":43},"end":{"line":22,"column":65}},"5":{"start":{"line":24,"column":2},"end":{"line":74,"column":4}},"6":{"start":{"line":59,"column":23},"end":{"line":59,"column":63}}},"fnMap":{"0":{"name":"ProductCard","decl":{"start":{"line":15,"column":24},"end":{"line":15,"column":35}},"loc":{"start":{"line":19,"column":10},"end":{"line":75,"column":1}},"line":19},"1":{"name":"(anonymous_1)","decl":{"start":{"line":21,"column":35},"end":{"line":21,"column":36}},"loc":{"start":{"line":21,"column":42},"end":{"line":21,"column":54}},"line":21},"2":{"name":"(anonymous_2)","decl":{"start":{"line":22,"column":33},"end":{"line":22,"column":34}},"loc":{"start":{"line":22,"column":43},"end":{"line":22,"column":65}},"line":22},"3":{"name":"(anonymous_3)","decl":{"start":{"line":59,"column":17},"end":{"line":59,"column":18}},"loc":{"start":{"line":59,"column":23},"end":{"line":59,"column":63}},"line":59}},"branchMap":{"0":{"loc":{"start":{"line":18,"column":2},"end":{"line":18,"column":17}},"type":"default-arg","locations":[{"start":{"line":18,"column":12},"end":{"line":18,"column":17}}],"line":18},"1":{"loc":{"start":{"line":27,"column":27},"end":{"line":27,"column":52}},"type":"binary-expr","locations":[{"start":{"line":27,"column":27},"end":{"line":27,"column":34}},{"start":{"line":27,"column":38},"end":{"line":27,"column":52}}],"line":27},"2":{"loc":{"start":{"line":58,"column":40},"end":{"line":58,"column":75}},"type":"binary-expr","locations":[{"start":{"line":58,"column":40},"end":{"line":58,"column":47}},{"start":{"line":58,"column":51},"end":{"line":58,"column":75}}],"line":58},"3":{"loc":{"start":{"line":59,"column":23},"end":{"line":59,"column":63}},"type":"binary-expr","locations":[{"start":{"line":59,"column":23},"end":{"line":59,"column":31}},{"start":{"line":59,"column":35},"end":{"line":59,"column":63}}],"line":59},"4":{"loc":{"start":{"line":62,"column":28},"end":{"line":62,"column":69}},"type":"cond-expr","locations":[{"start":{"line":62,"column":38},"end":{"line":62,"column":53}},{"start":{"line":62,"column":56},"end":{"line":62,"column":69}}],"line":62},"5":{"loc":{"start":{"line":67,"column":12},"end":{"line":67,"column":46}},"type":"binary-expr","locations":[{"start":{"line":67,"column":12},"end":{"line":67,"column":19}},{"start":{"line":67,"column":23},"end":{"line":67,"column":46}}],"line":67},"6":{"loc":{"start":{"line":70,"column":11},"end":{"line":70,"column":44}},"type":"cond-expr","locations":[{"start":{"line":70,"column":21},"end":{"line":70,"column":28}},{"start":{"line":70,"column":31},"end":{"line":70,"column":44}}],"line":70}},"s":{"0":3,"1":3,"2":6,"3":3,"4":1,"5":3,"6":1},"f":{"0":3,"1":6,"2":1,"3":1},"b":{"0":[3],"1":[3,0],"2":[3,1],"3":[1,1],"4":[1,2],"5":[3,1],"6":[1,2]},"_coverageSchema":"1a1c01bbd47fc00a2c39e90264f33305004495a9","hash":"cd6a075bdb637235457b920651ef6841f50e1aca"}
,"/Users/apple/Documents/E/Personal/Working/ECS/myshoplite/src/components/ProductCard/styles.ts": {"path":"/Users/apple/Documents/E/Personal/Working/ECS/myshoplite/src/components/ProductCard/styles.ts","statementMap":{"0":{"start":{"line":5,"column":22},"end":{"line":32,"column":2}}},"fnMap":{},"branchMap":{},"s":{"0":1},"f":{},"b":{},"_coverageSchema":"1a1c01bbd47fc00a2c39e90264f33305004495a9","hash":"2eaf7b09dd998ddbac32cf0f6e50c8eca4f9acbd"}
,"/Users/apple/Documents/E/Personal/Working/ECS/myshoplite/src/redux/hooks.ts": {"path":"/Users/apple/Documents/E/Personal/Working/ECS/myshoplite/src/redux/hooks.ts","statementMap":{"0":{"start":{"line":4,"column":30},"end":{"line":4,"column":62}},"1":{"start":{"line":4,"column":36},"end":{"line":4,"column":62}},"2":{"start":{"line":5,"column":63},"end":{"line":5,"column":74}}},"fnMap":{"0":{"name":"(anonymous_0)","decl":{"start":{"line":4,"column":30},"end":{"line":4,"column":31}},"loc":{"start":{"line":4,"column":36},"end":{"line":4,"column":62}},"line":4}},"branchMap":{},"s":{"0":1,"1":3,"2":1},"f":{"0":3},"b":{},"_coverageSchema":"1a1c01bbd47fc00a2c39e90264f33305004495a9","hash":"218a667c3a41723ae26e4abc314a34152520cb92"}
,"/Users/apple/Documents/E/Personal/Working/ECS/myshoplite/src/redux/slice/cartSlice.ts": {"path":"/Users/apple/Documents/E/Personal/Working/ECS/myshoplite/src/redux/slice/cartSlice.ts","statementMap":{"0":{"start":{"line":12,"column":32},"end":{"line":14,"column":1}},"1":{"start":{"line":16,"column":18},"end":{"line":42,"column":2}},"2":{"start":{"line":21,"column":27},"end":{"line":21,"column":78}},"3":{"start":{"line":21,"column":51},"end":{"line":21,"column":77}},"4":{"start":{"line":22,"column":6},"end":{"line":26,"column":7}},"5":{"start":{"line":23,"column":8},"end":{"line":23,"column":35}},"6":{"start":{"line":25,"column":8},"end":{"line":25,"column":61}},"7":{"start":{"line":29,"column":6},"end":{"line":29,"column":71}},"8":{"start":{"line":29,"column":46},"end":{"line":29,"column":69}},"9":{"start":{"line":35,"column":19},"end":{"line":35,"column":70}},"10":{"start":{"line":35,"column":43},"end":{"line":35,"column":69}},"11":{"start":{"line":36,"column":6},"end":{"line":36,"column":56}},"12":{"start":{"line":36,"column":16},"end":{"line":36,"column":56}},"13":{"start":{"line":39,"column":6},"end":{"line":39,"column":23}},"14":{"start":{"line":45,"column":2},"end":{"line":45,"column":19}}},"fnMap":{"0":{"name":"(anonymous_0)","decl":{"start":{"line":20,"column":15},"end":{"line":20,"column":16}},"loc":{"start":{"line":20,"column":58},"end":{"line":27,"column":5}},"line":20},"1":{"name":"(anonymous_1)","decl":{"start":{"line":21,"column":44},"end":{"line":21,"column":45}},"loc":{"start":{"line":21,"column":51},"end":{"line":21,"column":77}},"line":21},"2":{"name":"(anonymous_2)","decl":{"start":{"line":28,"column":20},"end":{"line":28,"column":21}},"loc":{"start":{"line":28,"column":62},"end":{"line":30,"column":5}},"line":28},"3":{"name":"(anonymous_3)","decl":{"start":{"line":29,"column":39},"end":{"line":29,"column":40}},"loc":{"start":{"line":29,"column":46},"end":{"line":29,"column":69}},"line":29},"4":{"name":"(anonymous_4)","decl":{"start":{"line":31,"column":20},"end":{"line":31,"column":21}},"loc":{"start":{"line":34,"column":9},"end":{"line":37,"column":5}},"line":34},"5":{"name":"(anonymous_5)","decl":{"start":{"line":35,"column":36},"end":{"line":35,"column":37}},"loc":{"start":{"line":35,"column":43},"end":{"line":35,"column":69}},"line":35},"6":{"name":"(anonymous_6)","decl":{"start":{"line":38,"column":15},"end":{"line":38,"column":16}},"loc":{"start":{"line":38,"column":26},"end":{"line":40,"column":5}},"line":38}},"branchMap":{"0":{"loc":{"start":{"line":22,"column":6},"end":{"line":26,"column":7}},"type":"if","locations":[{"start":{"line":22,"column":6},"end":{"line":26,"column":7}},{"start":{"line":24,"column":13},"end":{"line":26,"column":7}}],"line":22},"1":{"loc":{"start":{"line":36,"column":6},"end":{"line":36,"column":56}},"type":"if","locations":[{"start":{"line":36,"column":6},"end":{"line":36,"column":56}},{"start":{},"end":{}}],"line":36}},"s":{"0":2,"1":2,"2":2,"3":1,"4":2,"5":1,"6":1,"7":1,"8":1,"9":1,"10":1,"11":1,"12":1,"13":1,"14":2},"f":{"0":2,"1":1,"2":1,"3":1,"4":1,"5":1,"6":1},"b":{"0":[1,1],"1":[1,0]},"_coverageSchema":"1a1c01bbd47fc00a2c39e90264f33305004495a9","hash":"e73c3fc05c53264f155ec5c7902c8fd2c3f4ba7d"}
,"/Users/apple/Documents/E/Personal/Working/ECS/myshoplite/src/redux/slice/favoritesSlice.ts": {"path":"/Users/apple/Documents/E/Personal/Working/ECS/myshoplite/src/redux/slice/favoritesSlice.ts","statementMap":{"0":{"start":{"line":7,"column":37},"end":{"line":9,"column":1}},"1":{"start":{"line":11,"column":23},"end":{"line":32,"column":2}},"2":{"start":{"line":16,"column":6},"end":{"line":16,"column":78}},"3":{"start":{"line":16,"column":47},"end":{"line":16,"column":78}},"4":{"start":{"line":19,"column":6},"end":{"line":19,"column":66}},"5":{"start":{"line":19,"column":43},"end":{"line":19,"column":64}},"6":{"start":{"line":22,"column":6},"end":{"line":26,"column":7}},"7":{"start":{"line":23,"column":8},"end":{"line":23,"column":68}},"8":{"start":{"line":23,"column":45},"end":{"line":23,"column":66}},"9":{"start":{"line":25,"column":8},"end":{"line":25,"column":39}},"10":{"start":{"line":29,"column":6},"end":{"line":29,"column":21}},"11":{"start":{"line":35,"column":2},"end":{"line":35,"column":24}}},"fnMap":{"0":{"name":"(anonymous_0)","decl":{"start":{"line":15,"column":4},"end":{"line":15,"column":5}},"loc":{"start":{"line":15,"column":54},"end":{"line":17,"column":5}},"line":15},"1":{"name":"(anonymous_1)","decl":{"start":{"line":18,"column":4},"end":{"line":18,"column":5}},"loc":{"start":{"line":18,"column":57},"end":{"line":20,"column":5}},"line":18},"2":{"name":"(anonymous_2)","decl":{"start":{"line":19,"column":35},"end":{"line":19,"column":36}},"loc":{"start":{"line":19,"column":43},"end":{"line":19,"column":64}},"line":19},"3":{"name":"(anonymous_3)","decl":{"start":{"line":21,"column":4},"end":{"line":21,"column":5}},"loc":{"start":{"line":21,"column":57},"end":{"line":27,"column":5}},"line":21},"4":{"name":"(anonymous_4)","decl":{"start":{"line":23,"column":37},"end":{"line":23,"column":38}},"loc":{"start":{"line":23,"column":45},"end":{"line":23,"column":66}},"line":23},"5":{"name":"(anonymous_5)","decl":{"start":{"line":28,"column":4},"end":{"line":28,"column":5}},"loc":{"start":{"line":28,"column":26},"end":{"line":30,"column":5}},"line":28}},"branchMap":{"0":{"loc":{"start":{"line":16,"column":6},"end":{"line":16,"column":78}},"type":"if","locations":[{"start":{"line":16,"column":6},"end":{"line":16,"column":78}},{"start":{},"end":{}}],"line":16},"1":{"loc":{"start":{"line":22,"column":6},"end":{"line":26,"column":7}},"type":"if","locations":[{"start":{"line":22,"column":6},"end":{"line":26,"column":7}},{"start":{"line":24,"column":13},"end":{"line":26,"column":7}}],"line":22}},"s":{"0":1,"1":1,"2":2,"3":1,"4":1,"5":2,"6":2,"7":1,"8":1,"9":1,"10":1,"11":1},"f":{"0":2,"1":1,"2":2,"3":2,"4":1,"5":1},"b":{"0":[1,1],"1":[1,1]},"_coverageSchema":"1a1c01bbd47fc00a2c39e90264f33305004495a9","hash":"21a32d68a61e340efbca5b30933e8788a7691bcd"}
,"/Users/apple/Documents/E/Personal/Working/ECS/myshoplite/src/redux/slice/productsSlice.ts": {"path":"/Users/apple/Documents/E/Personal/Working/ECS/myshoplite/src/redux/slice/productsSlice.ts","statementMap":{"0":{"start":{"line":11,"column":36},"end":{"line":11,"column":78}},"1":{"start":{"line":13,"column":29},"end":{"line":24,"column":2}},"2":{"start":{"line":18,"column":2},"end":{"line":23,"column":3}},"3":{"start":{"line":19,"column":17},"end":{"line":19,"column":41}},"4":{"start":{"line":20,"column":4},"end":{"line":20,"column":16}},"5":{"start":{"line":22,"column":4},"end":{"line":22,"column":68}},"6":{"start":{"line":26,"column":22},"end":{"line":49,"column":2}},"7":{"start":{"line":31,"column":6},"end":{"line":31,"column":35}},"8":{"start":{"line":35,"column":4},"end":{"line":47,"column":9}},"9":{"start":{"line":37,"column":8},"end":{"line":37,"column":25}},"10":{"start":{"line":38,"column":8},"end":{"line":38,"column":23}},"11":{"start":{"line":41,"column":8},"end":{"line":41,"column":26}},"12":{"start":{"line":42,"column":8},"end":{"line":42,"column":28}},"13":{"start":{"line":45,"column":8},"end":{"line":45,"column":26}},"14":{"start":{"line":46,"column":8},"end":{"line":46,"column":39}},"15":{"start":{"line":51,"column":31},"end":{"line":51,"column":52}}},"fnMap":{"0":{"name":"(anonymous_0)","decl":{"start":{"line":17,"column":23},"end":{"line":17,"column":24}},"loc":{"start":{"line":17,"column":57},"end":{"line":24,"column":1}},"line":17},"1":{"name":"(anonymous_1)","decl":{"start":{"line":30,"column":4},"end":{"line":30,"column":5}},"loc":{"start":{"line":30,"column":57},"end":{"line":32,"column":5}},"line":30},"2":{"name":"(anonymous_2)","decl":{"start":{"line":34,"column":17},"end":{"line":34,"column":18}},"loc":{"start":{"line":34,"column":30},"end":{"line":48,"column":3}},"line":34},"3":{"name":"(anonymous_3)","decl":{"start":{"line":36,"column":38},"end":{"line":36,"column":39}},"loc":{"start":{"line":36,"column":45},"end":{"line":39,"column":7}},"line":36},"4":{"name":"(anonymous_4)","decl":{"start":{"line":40,"column":40},"end":{"line":40,"column":41}},"loc":{"start":{"line":40,"column":50},"end":{"line":43,"column":7}},"line":40},"5":{"name":"(anonymous_5)","decl":{"start":{"line":44,"column":39},"end":{"line":44,"column":40}},"loc":{"start":{"line":44,"column":49},"end":{"line":47,"column":7}},"line":44}},"branchMap":{"0":{"loc":{"start":{"line":22,"column":27},"end":{"line":22,"column":66}},"type":"binary-expr","locations":[{"start":{"line":22,"column":27},"end":{"line":22,"column":37}},{"start":{"line":22,"column":41},"end":{"line":22,"column":66}}],"line":22},"1":{"loc":{"start":{"line":46,"column":18},"end":{"line":46,"column":38}},"type":"binary-expr","locations":[{"start":{"line":46,"column":18},"end":{"line":46,"column":27}},{"start":{"line":46,"column":31},"end":{"line":46,"column":38}}],"line":46}},"s":{"0":1,"1":1,"2":2,"3":2,"4":1,"5":1,"6":1,"7":1,"8":1,"9":1,"10":1,"11":1,"12":1,"13":1,"14":1,"15":1},"f":{"0":2,"1":1,"2":1,"3":1,"4":1,"5":1},"b":{"0":[1,0],"1":[1,0]},"_coverageSchema":"1a1c01bbd47fc00a2c39e90264f33305004495a9","hash":"724978c6e88caa73d4c39be52c30de0a467cc8cd"}
,"/Users/apple/Documents/E/Personal/Working/ECS/myshoplite/src/services/api.ts": {"path":"/Users/apple/Documents/E/Personal/Working/ECS/myshoplite/src/services/api.ts","statementMap":{"0":{"start":{"line":6,"column":2},"end":{"line":12,"column":3}},"1":{"start":{"line":7,"column":16},"end":{"line":7,"column":52}},"2":{"start":{"line":8,"column":4},"end":{"line":8,"column":20}},"3":{"start":{"line":10,"column":4},"end":{"line":10,"column":70}},"4":{"start":{"line":11,"column":4},"end":{"line":11,"column":67}},"5":{"start":{"line":18,"column":2},"end":{"line":24,"column":3}},"6":{"start":{"line":19,"column":21},"end":{"line":19,"column":42}},"7":{"start":{"line":20,"column":4},"end":{"line":20,"column":67}},"8":{"start":{"line":20,"column":32},"end":{"line":20,"column":65}},"9":{"start":{"line":22,"column":4},"end":{"line":22,"column":75}},"10":{"start":{"line":23,"column":4},"end":{"line":23,"column":21}}},"fnMap":{"0":{"name":"fetchProducts","decl":{"start":{"line":5,"column":22},"end":{"line":5,"column":35}},"loc":{"start":{"line":5,"column":58},"end":{"line":13,"column":1}},"line":5},"1":{"name":"fetchProductById","decl":{"start":{"line":15,"column":22},"end":{"line":15,"column":38}},"loc":{"start":{"line":17,"column":32},"end":{"line":25,"column":1}},"line":17},"2":{"name":"(anonymous_2)","decl":{"start":{"line":20,"column":25},"end":{"line":20,"column":26}},"loc":{"start":{"line":20,"column":32},"end":{"line":20,"column":65}},"line":20}},"branchMap":{"0":{"loc":{"start":{"line":10,"column":46},"end":{"line":10,"column":68}},"type":"binary-expr","locations":[{"start":{"line":10,"column":46},"end":{"line":10,"column":59}},{"start":{"line":10,"column":63},"end":{"line":10,"column":68}}],"line":10},"1":{"loc":{"start":{"line":22,"column":51},"end":{"line":22,"column":73}},"type":"binary-expr","locations":[{"start":{"line":22,"column":51},"end":{"line":22,"column":64}},{"start":{"line":22,"column":68},"end":{"line":22,"column":73}}],"line":22}},"s":{"0":5,"1":5,"2":3,"3":2,"4":2,"5":3,"6":3,"7":2,"8":3,"9":1,"10":1},"f":{"0":5,"1":3,"2":3},"b":{"0":[2,0],"1":[1,0]},"_coverageSchema":"1a1c01bbd47fc00a2c39e90264f33305004495a9","hash":"1cdd4546d8f6304e988ce8472661eaa0aa9732a2"}
,"/Users/apple/Documents/E/Personal/Working/ECS/myshoplite/src/services/index.ts": {"path":"/Users/apple/Documents/E/Personal/Working/ECS/myshoplite/src/services/index.ts","statementMap":{"0":{"start":{"line":3,"column":24},"end":{"line":3,"column":32}}},"fnMap":{},"branchMap":{},"s":{"0":0},"f":{},"b":{},"_coverageSchema":"1a1c01bbd47fc00a2c39e90264f33305004495a9","hash":"fa52fba576e4fe92f7aeff73470796b859160097"}
,"/Users/apple/Documents/E/Personal/Working/ECS/myshoplite/src/utils/colors.ts": {"path":"/Users/apple/Documents/E/Personal/Working/ECS/myshoplite/src/utils/colors.ts","statementMap":{"0":{"start":{"line":1,"column":22},"end":{"line":13,"column":1}}},"fnMap":{},"branchMap":{},"s":{"0":2},"f":{},"b":{},"_coverageSchema":"1a1c01bbd47fc00a2c39e90264f33305004495a9","hash":"7162f9ff0cf4f3141320cbc84736788c01b368d6"}
,"/Users/apple/Documents/E/Personal/Working/ECS/myshoplite/src/utils/dimensions.ts": {"path":"/Users/apple/Documents/E/Personal/Working/ECS/myshoplite/src/utils/dimensions.ts","statementMap":{"0":{"start":{"line":3,"column":26},"end":{"line":3,"column":50}},"1":{"start":{"line":5,"column":25},"end":{"line":5,"column":28}},"2":{"start":{"line":7,"column":18},"end":{"line":7,"column":68}},"3":{"start":{"line":7,"column":42},"end":{"line":7,"column":68}},"4":{"start":{"line":8,"column":18},"end":{"line":8,"column":69}},"5":{"start":{"line":8,"column":42},"end":{"line":8,"column":69}},"6":{"start":{"line":10,"column":24},"end":{"line":10,"column":49}},"7":{"start":{"line":12,"column":27},"end":{"line":12,"column":30}},"8":{"start":{"line":13,"column":28},"end":{"line":13,"column":31}},"9":{"start":{"line":15,"column":21},"end":{"line":15,"column":74}},"10":{"start":{"line":15,"column":39},"end":{"line":15,"column":74}},"11":{"start":{"line":16,"column":29},"end":{"line":17,"column":39}},"12":{"start":{"line":17,"column":2},"end":{"line":17,"column":39}},"13":{"start":{"line":18,"column":29},"end":{"line":19,"column":38}},"14":{"start":{"line":19,"column":2},"end":{"line":19,"column":38}},"15":{"start":{"line":21,"column":18},"end":{"line":27,"column":1}},"16":{"start":{"line":22,"column":16},"end":{"line":22,"column":27}},"17":{"start":{"line":23,"column":18},"end":{"line":23,"column":30}},"18":{"start":{"line":24,"column":2},"end":{"line":26,"column":4}},"19":{"start":{"line":29,"column":26},"end":{"line":54,"column":1}}},"fnMap":{"0":{"name":"(anonymous_0)","decl":{"start":{"line":7,"column":18},"end":{"line":7,"column":19}},"loc":{"start":{"line":7,"column":42},"end":{"line":7,"column":68}},"line":7},"1":{"name":"(anonymous_1)","decl":{"start":{"line":8,"column":18},"end":{"line":8,"column":19}},"loc":{"start":{"line":8,"column":42},"end":{"line":8,"column":69}},"line":8},"2":{"name":"(anonymous_2)","decl":{"start":{"line":15,"column":21},"end":{"line":15,"column":22}},"loc":{"start":{"line":15,"column":39},"end":{"line":15,"column":74}},"line":15},"3":{"name":"(anonymous_3)","decl":{"start":{"line":16,"column":29},"end":{"line":16,"column":30}},"loc":{"start":{"line":17,"column":2},"end":{"line":17,"column":39}},"line":17},"4":{"name":"(anonymous_4)","decl":{"start":{"line":18,"column":29},"end":{"line":18,"column":30}},"loc":{"start":{"line":19,"column":2},"end":{"line":19,"column":38}},"line":19},"5":{"name":"(anonymous_5)","decl":{"start":{"line":21,"column":18},"end":{"line":21,"column":19}},"loc":{"start":{"line":21,"column":36},"end":{"line":27,"column":1}},"line":21}},"branchMap":{"0":{"loc":{"start":{"line":18,"column":44},"end":{"line":18,"column":56}},"type":"default-arg","locations":[{"start":{"line":18,"column":53},"end":{"line":18,"column":56}}],"line":18},"1":{"loc":{"start":{"line":25,"column":4},"end":{"line":25,"column":65}},"type":"cond-expr","locations":[{"start":{"line":25,"column":28},"end":{"line":25,"column":55}},{"start":{"line":25,"column":58},"end":{"line":25,"column":65}}],"line":25},"2":{"loc":{"start":{"line":34,"column":24},"end":{"line":34,"column":42}},"type":"cond-expr","locations":[{"start":{"line":34,"column":35},"end":{"line":34,"column":37}},{"start":{"line":34,"column":40},"end":{"line":34,"column":42}}],"line":34},"3":{"loc":{"start":{"line":35,"column":23},"end":{"line":35,"column":41}},"type":"cond-expr","locations":[{"start":{"line":35,"column":34},"end":{"line":35,"column":36}},{"start":{"line":35,"column":39},"end":{"line":35,"column":41}}],"line":35},"4":{"loc":{"start":{"line":36,"column":23},"end":{"line":36,"column":41}},"type":"cond-expr","locations":[{"start":{"line":36,"column":34},"end":{"line":36,"column":36}},{"start":{"line":36,"column":39},"end":{"line":36,"column":41}}],"line":36},"5":{"loc":{"start":{"line":37,"column":23},"end":{"line":37,"column":41}},"type":"cond-expr","locations":[{"start":{"line":37,"column":34},"end":{"line":37,"column":36}},{"start":{"line":37,"column":39},"end":{"line":37,"column":41}}],"line":37},"6":{"loc":{"start":{"line":38,"column":24},"end":{"line":38,"column":42}},"type":"cond-expr","locations":[{"start":{"line":38,"column":35},"end":{"line":38,"column":37}},{"start":{"line":38,"column":40},"end":{"line":38,"column":42}}],"line":38},"7":{"loc":{"start":{"line":39,"column":25},"end":{"line":39,"column":43}},"type":"cond-expr","locations":[{"start":{"line":39,"column":36},"end":{"line":39,"column":38}},{"start":{"line":39,"column":41},"end":{"line":39,"column":43}}],"line":39}},"s":{"0":2,"1":2,"2":2,"3":8,"4":2,"5":6,"6":2,"7":2,"8":2,"9":2,"10":35,"11":2,"12":3,"13":2,"14":17,"15":2,"16":0,"17":0,"18":0,"19":2},"f":{"0":8,"1":6,"2":35,"3":3,"4":17,"5":0},"b":{"0":[17],"1":[0,0],"2":[0,2],"3":[0,2],"4":[0,2],"5":[0,2],"6":[0,2],"7":[0,2]},"_coverageSchema":"1a1c01bbd47fc00a2c39e90264f33305004495a9","hash":"2a2e496768e0f2fe44feb32989c186eac74bd486"}
,"/Users/apple/Documents/E/Personal/Working/ECS/myshoplite/src/utils/globalStyles.ts": {"path":"/Users/apple/Documents/E/Personal/Working/ECS/myshoplite/src/utils/globalStyles.ts","statementMap":{"0":{"start":{"line":5,"column":28},"end":{"line":63,"column":2}}},"fnMap":{},"branchMap":{"0":{"loc":{"start":{"line":22,"column":16},"end":{"line":22,"column":45}},"type":"cond-expr","locations":[{"start":{"line":22,"column":38},"end":{"line":22,"column":40}},{"start":{"line":22,"column":43},"end":{"line":22,"column":45}}],"line":22}},"s":{"0":2},"f":{},"b":{"0":[0,2]},"_coverageSchema":"1a1c01bbd47fc00a2c39e90264f33305004495a9","hash":"d271de3dfc9ab7666c6a82c33058a61516bb43f6"}
}
