TN:
SF:src/components/CategoryFilter/CategoryFilter.tsx
FN:17,CategoryFilter
FN:28,(anonymous_1)
FN:37,(anonymous_2)
FNF:3
FNH:3
FNDA:4,CategoryFilter
FNDA:12,(anonymous_1)
FNDA:2,(anonymous_2)
DA:22,4
DA:23,4
DA:24,4
DA:26,4
DA:29,12
DA:37,2
LF:6
LH:6
BRDA:24,0,0,1
BRDA:24,0,1,3
BRDA:27,1,0,4
BRDA:27,1,1,1
BRDA:35,2,0,12
BRDA:35,2,1,4
BRDA:44,3,0,12
BRDA:44,3,1,4
BRF:8
BRH:8
end_of_record
TN:
SF:src/components/CategoryFilter/styles.ts
FNF:0
FNH:0
DA:4,1
LF:1
LH:1
BRF:0
BRH:0
end_of_record
TN:
SF:src/components/ProductCard/ProductCard.tsx
FN:14,ProductCard
FN:20,(anonymous_1)
FN:21,(anonymous_2)
FN:58,(anonymous_3)
FNF:4
FNH:4
FNDA:3,ProductCard
FNDA:6,(anonymous_1)
FNDA:1,(anonymous_2)
FNDA:1,(anonymous_3)
DA:19,3
DA:20,6
DA:21,3
DA:23,3
DA:58,1
LF:5
LH:5
BRDA:17,0,0,3
BRDA:26,1,0,3
BRDA:26,1,1,0
BRDA:57,2,0,3
BRDA:57,2,1,1
BRDA:58,3,0,1
BRDA:58,3,1,1
BRDA:61,4,0,1
BRDA:61,4,1,2
BRDA:63,5,0,3
BRDA:63,5,1,1
BRDA:64,6,0,1
BRDA:64,6,1,2
BRF:13
BRH:12
end_of_record
TN:
SF:src/components/ProductCard/styles.ts
FNF:0
FNH:0
DA:4,1
LF:1
LH:1
BRF:0
BRH:0
end_of_record
TN:
SF:src/redux/hooks.ts
FN:4,(anonymous_0)
FNF:1
FNH:1
FNDA:3,(anonymous_0)
DA:4,3
DA:5,1
LF:2
LH:2
BRF:0
BRH:0
end_of_record
TN:
SF:src/redux/slice/cartSlice.ts
FN:20,(anonymous_0)
FN:21,(anonymous_1)
FN:28,(anonymous_2)
FN:29,(anonymous_3)
FN:31,(anonymous_4)
FN:35,(anonymous_5)
FN:38,(anonymous_6)
FNF:7
FNH:7
FNDA:2,(anonymous_0)
FNDA:1,(anonymous_1)
FNDA:1,(anonymous_2)
FNDA:1,(anonymous_3)
FNDA:1,(anonymous_4)
FNDA:1,(anonymous_5)
FNDA:1,(anonymous_6)
DA:12,2
DA:16,2
DA:21,2
DA:22,2
DA:23,1
DA:25,1
DA:29,1
DA:35,1
DA:36,1
DA:39,1
DA:45,2
LF:11
LH:11
BRDA:22,0,0,1
BRDA:22,0,1,1
BRDA:36,1,0,1
BRDA:36,1,1,0
BRF:4
BRH:3
end_of_record
TN:
SF:src/redux/slice/favoritesSlice.ts
FN:15,(anonymous_0)
FN:18,(anonymous_1)
FN:19,(anonymous_2)
FN:21,(anonymous_3)
FN:23,(anonymous_4)
FN:28,(anonymous_5)
FNF:6
FNH:6
FNDA:2,(anonymous_0)
FNDA:1,(anonymous_1)
FNDA:2,(anonymous_2)
FNDA:2,(anonymous_3)
FNDA:1,(anonymous_4)
FNDA:1,(anonymous_5)
DA:7,1
DA:11,1
DA:16,2
DA:19,2
DA:22,2
DA:23,1
DA:25,1
DA:29,1
DA:35,1
LF:9
LH:9
BRDA:16,0,0,1
BRDA:16,0,1,1
BRDA:22,1,0,1
BRDA:22,1,1,1
BRF:4
BRH:4
end_of_record
TN:
SF:src/redux/slice/productsSlice.ts
FN:17,(anonymous_0)
FN:30,(anonymous_1)
FN:34,(anonymous_2)
FN:36,(anonymous_3)
FN:40,(anonymous_4)
FN:44,(anonymous_5)
FNF:6
FNH:6
FNDA:2,(anonymous_0)
FNDA:1,(anonymous_1)
FNDA:1,(anonymous_2)
FNDA:1,(anonymous_3)
FNDA:1,(anonymous_4)
FNDA:1,(anonymous_5)
DA:11,1
DA:13,1
DA:18,2
DA:19,2
DA:20,1
DA:22,1
DA:26,1
DA:31,1
DA:35,1
DA:37,1
DA:38,1
DA:41,1
DA:42,1
DA:45,1
DA:46,1
DA:51,1
LF:16
LH:16
BRDA:22,0,0,1
BRDA:22,0,1,0
BRDA:46,1,0,1
BRDA:46,1,1,0
BRF:4
BRH:2
end_of_record
TN:
SF:src/services/api.ts
FN:5,fetchProducts
FN:15,fetchProductById
FN:20,(anonymous_2)
FN:26,BASE_URL
FNF:4
FNH:0
FNDA:0,fetchProducts
FNDA:0,fetchProductById
FNDA:0,(anonymous_2)
FNDA:0,BASE_URL
DA:6,0
DA:7,0
DA:8,0
DA:10,0
DA:11,0
DA:18,0
DA:19,0
DA:20,0
DA:22,0
DA:23,0
DA:27,0
LF:11
LH:0
BRDA:10,0,0,0
BRDA:10,0,1,0
BRDA:22,1,0,0
BRDA:22,1,1,0
BRF:4
BRH:0
end_of_record
TN:
SF:src/services/config/url.ts
FNF:0
FNH:0
DA:3,0
LF:1
LH:0
BRF:0
BRH:0
end_of_record
TN:
SF:src/utils/colors.ts
FNF:0
FNH:0
DA:1,2
LF:1
LH:1
BRF:0
BRH:0
end_of_record
