TN:
SF:src/components/CategoryFilter/index.tsx
FN:13,CategoryFilter
FN:24,(anonymous_1)
FN:33,(anonymous_2)
FNF:3
FNH:3
FNDA:4,CategoryFilter
FNDA:12,(anonymous_1)
FNDA:2,(anonymous_2)
DA:18,4
DA:19,4
DA:20,4
DA:22,4
DA:25,12
DA:33,2
LF:6
LH:6
BRDA:20,0,0,1
BRDA:20,0,1,3
BRDA:23,1,0,4
BRDA:23,1,1,1
BRDA:31,2,0,12
BRDA:31,2,1,4
BRDA:40,3,0,12
BRDA:40,3,1,4
BRF:8
BRH:8
end_of_record
TN:
SF:src/components/CategoryFilter/styles.ts
FNF:0
FNH:0
DA:6,1
LF:1
LH:1
BRF:0
BRH:0
end_of_record
TN:
SF:src/components/ProductCard/index.tsx
FN:15,ProductCard
FN:21,(anonymous_1)
FN:22,(anonymous_2)
FN:59,(anonymous_3)
FNF:4
FNH:4
FNDA:3,ProductCard
FNDA:6,(anonymous_1)
FNDA:1,(anonymous_2)
FNDA:1,(anonymous_3)
DA:20,3
DA:21,6
DA:22,3
DA:24,3
DA:59,1
LF:5
LH:5
BRDA:18,0,0,3
BRDA:27,1,0,3
BRDA:27,1,1,0
BRDA:58,2,0,3
BRDA:58,2,1,1
BRDA:59,3,0,1
BRDA:59,3,1,1
BRDA:62,4,0,1
BRDA:62,4,1,2
BRDA:67,5,0,3
BRDA:67,5,1,1
BRDA:70,6,0,1
BRDA:70,6,1,2
BRF:13
BRH:12
end_of_record
TN:
SF:src/components/ProductCard/styles.ts
FNF:0
FNH:0
DA:5,1
LF:1
LH:1
BRF:0
BRH:0
end_of_record
TN:
SF:src/redux/hooks.ts
FN:4,(anonymous_0)
FNF:1
FNH:1
FNDA:3,(anonymous_0)
DA:4,3
DA:5,1
LF:2
LH:2
BRF:0
BRH:0
end_of_record
TN:
SF:src/redux/slice/cartSlice.ts
FN:20,(anonymous_0)
FN:21,(anonymous_1)
FN:28,(anonymous_2)
FN:29,(anonymous_3)
FN:31,(anonymous_4)
FN:35,(anonymous_5)
FN:38,(anonymous_6)
FNF:7
FNH:7
FNDA:2,(anonymous_0)
FNDA:1,(anonymous_1)
FNDA:1,(anonymous_2)
FNDA:1,(anonymous_3)
FNDA:1,(anonymous_4)
FNDA:1,(anonymous_5)
FNDA:1,(anonymous_6)
DA:12,2
DA:16,2
DA:21,2
DA:22,2
DA:23,1
DA:25,1
DA:29,1
DA:35,1
DA:36,1
DA:39,1
DA:45,2
LF:11
LH:11
BRDA:22,0,0,1
BRDA:22,0,1,1
BRDA:36,1,0,1
BRDA:36,1,1,0
BRF:4
BRH:3
end_of_record
TN:
SF:src/redux/slice/favoritesSlice.ts
FN:15,(anonymous_0)
FN:18,(anonymous_1)
FN:19,(anonymous_2)
FN:21,(anonymous_3)
FN:23,(anonymous_4)
FN:28,(anonymous_5)
FNF:6
FNH:6
FNDA:2,(anonymous_0)
FNDA:1,(anonymous_1)
FNDA:2,(anonymous_2)
FNDA:2,(anonymous_3)
FNDA:1,(anonymous_4)
FNDA:1,(anonymous_5)
DA:7,1
DA:11,1
DA:16,2
DA:19,2
DA:22,2
DA:23,1
DA:25,1
DA:29,1
DA:35,1
LF:9
LH:9
BRDA:16,0,0,1
BRDA:16,0,1,1
BRDA:22,1,0,1
BRDA:22,1,1,1
BRF:4
BRH:4
end_of_record
TN:
SF:src/redux/slice/productsSlice.ts
FN:17,(anonymous_0)
FN:30,(anonymous_1)
FN:34,(anonymous_2)
FN:36,(anonymous_3)
FN:40,(anonymous_4)
FN:44,(anonymous_5)
FNF:6
FNH:6
FNDA:2,(anonymous_0)
FNDA:1,(anonymous_1)
FNDA:1,(anonymous_2)
FNDA:1,(anonymous_3)
FNDA:1,(anonymous_4)
FNDA:1,(anonymous_5)
DA:11,1
DA:13,1
DA:18,2
DA:19,2
DA:20,1
DA:22,1
DA:26,1
DA:31,1
DA:35,1
DA:37,1
DA:38,1
DA:41,1
DA:42,1
DA:45,1
DA:46,1
DA:51,1
LF:16
LH:16
BRDA:22,0,0,1
BRDA:22,0,1,0
BRDA:46,1,0,1
BRDA:46,1,1,0
BRF:4
BRH:2
end_of_record
TN:
SF:src/services/api.ts
FN:5,fetchProducts
FN:15,fetchProductById
FN:20,(anonymous_2)
FNF:3
FNH:3
FNDA:5,fetchProducts
FNDA:3,fetchProductById
FNDA:3,(anonymous_2)
DA:6,5
DA:7,5
DA:8,3
DA:10,2
DA:11,2
DA:18,3
DA:19,3
DA:20,3
DA:22,1
DA:23,1
LF:10
LH:10
BRDA:10,0,0,2
BRDA:10,0,1,0
BRDA:22,1,0,1
BRDA:22,1,1,0
BRF:4
BRH:2
end_of_record
TN:
SF:src/services/index.ts
FNF:0
FNH:0
DA:3,0
LF:1
LH:0
BRF:0
BRH:0
end_of_record
TN:
SF:src/utils/colors.ts
FNF:0
FNH:0
DA:1,2
LF:1
LH:1
BRF:0
BRH:0
end_of_record
TN:
SF:src/utils/dimensions.ts
FN:7,(anonymous_0)
FN:8,(anonymous_1)
FN:15,(anonymous_2)
FN:16,(anonymous_3)
FN:18,(anonymous_4)
FN:21,(anonymous_5)
FNF:6
FNH:5
FNDA:8,(anonymous_0)
FNDA:6,(anonymous_1)
FNDA:35,(anonymous_2)
FNDA:3,(anonymous_3)
FNDA:17,(anonymous_4)
FNDA:0,(anonymous_5)
DA:3,2
DA:5,2
DA:7,8
DA:8,6
DA:10,2
DA:12,2
DA:13,2
DA:15,35
DA:16,2
DA:17,3
DA:18,2
DA:19,17
DA:21,2
DA:22,0
DA:23,0
DA:24,0
DA:29,2
LF:17
LH:14
BRDA:18,0,0,17
BRDA:25,1,0,0
BRDA:25,1,1,0
BRDA:34,2,0,0
BRDA:34,2,1,2
BRDA:35,3,0,0
BRDA:35,3,1,2
BRDA:36,4,0,0
BRDA:36,4,1,2
BRDA:37,5,0,0
BRDA:37,5,1,2
BRDA:38,6,0,0
BRDA:38,6,1,2
BRDA:39,7,0,0
BRDA:39,7,1,2
BRF:15
BRH:7
end_of_record
TN:
SF:src/utils/globalStyles.ts
FNF:0
FNH:0
DA:5,2
LF:1
LH:1
BRDA:22,0,0,0
BRDA:22,0,1,2
BRF:2
BRH:1
end_of_record
